<?xml version="1.0" encoding="utf-8"?><testsuites name="pytest tests"><testsuite name="pytest" errors="0" failures="0" skipped="0" tests="19" time="5.421" timestamp="2026-04-22T21:10:55.817732+00:00" hostname="agent-env-0236040d-7ba2-46b1-a1be-c856e618951e"><testcase classname="backend.tests.test_new_features.TestShowcase" name="test_public_no_auth" time="0.219" /><testcase classname="backend.tests.test_new_features.TestShowcase" name="test_no_pii_leak" time="0.169" /><testcase classname="backend.tests.test_new_features.TestShowcase" name="test_sorted_by_score" time="0.134" /><testcase classname="backend.tests.test_new_features.TestStatsTrends" name="test_admin_ok" time="0.450" /><testcase classname="backend.tests.test_new_features.TestStatsTrends" name="test_editor_forbidden" time="0.497" /><testcase classname="backend.tests.test_new_features.TestStatsTrends" name="test_noauth" time="0.099" /><testcase classname="backend.tests.test_new_features.TestStatsRevisions" name="test_admin_shape" time="0.126" /><testcase classname="backend.tests.test_new_features.TestStatsRevisions" name="test_editor_forbidden" time="0.176" /><testcase classname="backend.tests.test_new_features.TestDeadlineRisk" name="test_admin_sees_risk" time="0.611" /><testcase classname="backend.tests.test_new_features.TestDeadlineRisk" name="test_client_scoped" time="0.112" /><testcase classname="backend.tests.test_new_features.TestDeadlineRisk" name="test_editor_scoped" time="0.154" /><testcase classname="backend.tests.test_new_features.TestSatisfaction" name="test_admin_shape" time="0.125" /><testcase classname="backend.tests.test_new_features.TestSatisfaction" name="test_editor_forbidden" time="0.100" /><testcase classname="backend.tests.test_new_features.TestWorkload" name="test_admin_shape" time="0.117" /><testcase classname="backend.tests.test_new_features.TestWorkload" name="test_editor_forbidden" time="0.115" /><testcase classname="backend.tests.test_new_features.TestWebSocket" name="test_ws_bad_token_closes" time="0.170" /><testcase classname="backend.tests.test_new_features.TestWebSocket" name="test_ws_client_cannot_group" time="0.159" /><testcase classname="backend.tests.test_new_features.TestWebSocket" name="test_ws_group_broadcast_and_persist" time="1.530" /><testcase classname="backend.tests.test_new_features.TestCORS" name="test_bearer_only_works" time="0.259" /></testsuite></testsuites>