<?xml version="1.0" encoding="utf-8"?><testsuites name="pytest tests"><testsuite name="pytest" errors="0" failures="1" skipped="0" tests="34" time="9.107" timestamp="2026-05-01T21:44:34.306821+00:00" hostname="agent-env-0236040d-7ba2-46b1-a1be-c856e618951e"><testcase classname="backend.tests.test_major_update.TestRegister" name="test_register_wrong_code" time="0.243" /><testcase classname="backend.tests.test_major_update.TestRegister" name="test_register_password_mismatch" time="0.122" /><testcase classname="backend.tests.test_major_update.TestRegister" name="test_register_success" time="1.054" /><testcase classname="backend.tests.test_major_update.TestClientProjectFlow" name="test_client_creates_pending" time="0.500" /><testcase classname="backend.tests.test_major_update.TestClientProjectFlow" name="test_admin_approve_project" time="0.227" /><testcase classname="backend.tests.test_major_update.TestClientProjectFlow" name="test_admin_approve_on_non_pending_400" time="0.141" /><testcase classname="backend.tests.test_major_update.TestAdminRejectProject" name="test_reject" time="0.490" /><testcase classname="backend.tests.test_major_update.TestSubmitAndVideoApproval" name="test_editor_submit" time="0.682" /><testcase classname="backend.tests.test_major_update.TestSubmitAndVideoApproval" name="test_client_cannot_submit" time="0.163" /><testcase classname="backend.tests.test_major_update.TestSubmitAndVideoApproval" name="test_unassigned_editor_cannot_submit" time="0.765" /><testcase classname="backend.tests.test_major_update.TestSubmitAndVideoApproval" name="test_admin_approve_video" time="0.261" /><testcase classname="backend.tests.test_major_update.TestSubmitAndVideoApproval" name="test_client_cannot_approve_video" time="0.113" /><testcase classname="backend.tests.test_major_update.TestXpFlow" name="test_approve_awards_xp_and_notifies" time="0.856" /><testcase classname="backend.tests.test_major_update.TestNotifications" name="test_list_mine" time="0.108" /><testcase classname="backend.tests.test_major_update.TestNotifications" name="test_mark_all_read" time="0.114" /><testcase classname="backend.tests.test_major_update.TestNotifications" name="test_mark_one_read" time="0.291" /><testcase classname="backend.tests.test_major_update.TestNotifications" name="test_noauth" time="0.104" /><testcase classname="backend.tests.test_major_update.TestMyProfile" name="test_editor_profile_shape" time="0.125" /><testcase classname="backend.tests.test_major_update.TestMyProfile" name="test_admin_profile" time="0.111" /><testcase classname="backend.tests.test_major_update.TestTopVideos" name="test_set_and_trim" time="0.228" /><testcase classname="backend.tests.test_major_update.TestTopVideos" name="test_non_editor_forbidden" time="0.109" /><testcase classname="backend.tests.test_major_update.TestReactions" name="test_react_toggle" time="0.402" /><testcase classname="backend.tests.test_major_update.TestVoice" name="test_voice_send" time="0.119" /><testcase classname="backend.tests.test_major_update.TestVoice" name="test_voice_size_limit" time="0.194" /><testcase classname="backend.tests.test_major_update.TestVoice" name="test_client_cannot_send_group_voice" time="0.108" /><testcase classname="backend.tests.test_major_update.TestPayments" name="test_list" time="0.109"><failure message="AssertionError: assert 2 &gt;= 3&#10; +  where 2 = len([{'amount_owed': 0, 'charge_per_project': 0, 'completed_this_month': 0, 'editor': {'anime_name': 'NovaReaper47', 'avatar_url': '', 'badges': ['first_delivery'], 'burnout': 'low', ...}, ...}, {'amount_owed': 0, 'charge_per_project': 0, 'completed_this_month': 0, 'editor': {'anime_name': 'MysticWolf47', 'avatar_url': None, 'badges': [], 'burnout': 'low', ...}, ...}])">backend/tests/test_major_update.py:338: in test_list
    assert len(data) &gt;= 3
E   AssertionError: assert 2 &gt;= 3
E    +  where 2 = len([{'amount_owed': 0, 'charge_per_project': 0, 'completed_this_month': 0, 'editor': {'anime_name': 'NovaReaper47', 'avatar_url': '', 'badges': ['first_delivery'], 'burnout': 'low', ...}, ...}, {'amount_owed': 0, 'charge_per_project': 0, 'completed_this_month': 0, 'editor': {'anime_name': 'MysticWolf47', 'avatar_url': None, 'badges': [], 'burnout': 'low', ...}, ...}])</failure></testcase><testcase classname="backend.tests.test_major_update.TestPayments" name="test_mark_paid" time="0.244" /><testcase classname="backend.tests.test_major_update.TestPayments" name="test_history" time="0.100" /><testcase classname="backend.tests.test_major_update.TestPayments" name="test_editor_forbidden" time="0.112" /><testcase classname="backend.tests.test_major_update.TestMVP" name="test_mvp_current" time="0.115" /><testcase classname="backend.tests.test_major_update.TestMVP" name="test_mvp_editor_can_view" time="0.115" /><testcase classname="backend.tests.test_major_update.TestRBAC" name="test_client_cannot_admin_approve" time="0.117" /><testcase classname="backend.tests.test_major_update.TestRBAC" name="test_editor_cannot_admin_approve" time="0.131" /><testcase classname="backend.tests.test_major_update.TestRBAC" name="test_client_cannot_mark_paid" time="0.342" /></testsuite></testsuites>