<?xml version="1.0" encoding="utf-8"?><testsuites name="pytest tests"><testsuite name="pytest" errors="0" failures="0" skipped="0" tests="80" time="72.002" timestamp="2026-05-01T21:53:41.241558+00:00" hostname="agent-env-0236040d-7ba2-46b1-a1be-c856e618951e"><testcase classname="backend.tests.backend_test.TestAuth" name="test_login_bad" time="0.363" /><testcase classname="backend.tests.backend_test.TestAuth" name="test_me" time="0.443" /><testcase classname="backend.tests.backend_test.TestAuth" name="test_me_noauth" time="0.111" /><testcase classname="backend.tests.backend_test.TestAuth" name="test_logout" time="0.111" /><testcase classname="backend.tests.backend_test.TestUsers" name="test_list_users_admin" time="0.126" /><testcase classname="backend.tests.backend_test.TestUsers" name="test_editor_sees_no_emails" time="0.492" /><testcase classname="backend.tests.backend_test.TestUsers" name="test_editor_cannot_create" time="0.110" /><testcase classname="backend.tests.backend_test.TestUsers" name="test_admin_creates_editor_anime_name" time="0.455" /><testcase classname="backend.tests.backend_test.TestTasks" name="test_create_draft" time="0.249" /><testcase classname="backend.tests.backend_test.TestTasks" name="test_available_hides_client_info" time="0.561" /><testcase classname="backend.tests.backend_test.TestTasks" name="test_client_sees_own" time="0.128" /><testcase classname="backend.tests.backend_test.TestTasks" name="test_editor_my_tasks_empty" time="0.115" /><testcase classname="backend.tests.backend_test.TestRequestFlow" name="test_full_flow" time="1.155" /><testcase classname="backend.tests.backend_test.TestLifecycle" name="test_lifecycle" time="0.674" /><testcase classname="backend.tests.backend_test.TestAnalytics" name="test_my_perf" time="0.140" /><testcase classname="backend.tests.backend_test.TestAnalytics" name="test_perf_admin" time="0.109" /><testcase classname="backend.tests.backend_test.TestAnalytics" name="test_leaderboard" time="0.115" /><testcase classname="backend.tests.backend_test.TestAnalytics" name="test_brief_score" time="0.120" /><testcase classname="backend.tests.backend_test.TestAnalytics" name="test_brief_score_missing" time="0.109" /><testcase classname="backend.tests.backend_test.TestAnalytics" name="test_recommendations" time="0.115" /><testcase classname="backend.tests.backend_test.TestAnalytics" name="test_admin_stats" time="0.112" /><testcase classname="backend.tests.backend_test.TestAnalytics" name="test_calendar" time="0.124" /><testcase classname="backend.tests.backend_test.TestChat" name="test_group_client_denied" time="0.216" /><testcase classname="backend.tests.backend_test.TestChat" name="test_group_editor_ok" time="0.225" /><testcase classname="backend.tests.backend_test.TestChat" name="test_dm_admin_editor" time="0.231" /><testcase classname="backend.tests.backend_test.TestChat" name="test_editor_cannot_dm_client" time="0.111" /><testcase classname="backend.tests.backend_test.TestChat" name="test_conversations" time="0.216" /><testcase classname="backend.tests.test_major_update.TestRegister" name="test_register_wrong_code" time="0.110" /><testcase classname="backend.tests.test_major_update.TestRegister" name="test_register_password_mismatch" time="0.109" /><testcase classname="backend.tests.test_major_update.TestRegister" name="test_register_success" time="0.881" /><testcase classname="backend.tests.test_major_update.TestClientProjectFlow" name="test_client_creates_pending" time="0.441" /><testcase classname="backend.tests.test_major_update.TestClientProjectFlow" name="test_admin_approve_project" time="0.234" /><testcase classname="backend.tests.test_major_update.TestClientProjectFlow" name="test_admin_approve_on_non_pending_400" time="0.108" /><testcase classname="backend.tests.test_major_update.TestAdminRejectProject" name="test_reject" time="0.445" /><testcase classname="backend.tests.test_major_update.TestSubmitAndVideoApproval" name="test_editor_submit" time="0.688" /><testcase classname="backend.tests.test_major_update.TestSubmitAndVideoApproval" name="test_client_cannot_submit" time="0.120" /><testcase classname="backend.tests.test_major_update.TestSubmitAndVideoApproval" name="test_unassigned_editor_cannot_submit" time="0.726" /><testcase classname="backend.tests.test_major_update.TestSubmitAndVideoApproval" name="test_admin_approve_video" time="0.233" /><testcase classname="backend.tests.test_major_update.TestSubmitAndVideoApproval" name="test_client_cannot_approve_video" time="0.119" /><testcase classname="backend.tests.test_major_update.TestXpFlow" name="test_approve_awards_xp_and_notifies" time="0.857" /><testcase classname="backend.tests.test_major_update.TestNotifications" name="test_list_mine" time="0.109" /><testcase classname="backend.tests.test_major_update.TestNotifications" name="test_mark_all_read" time="0.112" /><testcase classname="backend.tests.test_major_update.TestNotifications" name="test_mark_one_read" time="0.226" /><testcase classname="backend.tests.test_major_update.TestNotifications" name="test_noauth" time="0.129" /><testcase classname="backend.tests.test_major_update.TestMyProfile" name="test_editor_profile_shape" time="0.107" /><testcase classname="backend.tests.test_major_update.TestMyProfile" name="test_admin_profile" time="0.139" /><testcase classname="backend.tests.test_major_update.TestTopVideos" name="test_set_and_trim" time="0.237" /><testcase classname="backend.tests.test_major_update.TestTopVideos" name="test_non_editor_forbidden" time="0.106" /><testcase classname="backend.tests.test_major_update.TestReactions" name="test_react_toggle" time="0.351" /><testcase classname="backend.tests.test_major_update.TestVoice" name="test_voice_send" time="0.113" /><testcase classname="backend.tests.test_major_update.TestVoice" name="test_voice_size_limit" time="0.454" /><testcase classname="backend.tests.test_major_update.TestVoice" name="test_client_cannot_send_group_voice" time="0.102" /><testcase classname="backend.tests.test_major_update.TestPayments" name="test_list" time="0.112" /><testcase classname="backend.tests.test_major_update.TestPayments" name="test_mark_paid" time="0.259" /><testcase classname="backend.tests.test_major_update.TestPayments" name="test_history" time="0.130" /><testcase classname="backend.tests.test_major_update.TestPayments" name="test_editor_forbidden" time="0.117" /><testcase classname="backend.tests.test_major_update.TestMVP" name="test_mvp_current" time="0.132" /><testcase classname="backend.tests.test_major_update.TestMVP" name="test_mvp_editor_can_view" time="0.109" /><testcase classname="backend.tests.test_major_update.TestRBAC" name="test_client_cannot_admin_approve" time="0.110" /><testcase classname="backend.tests.test_major_update.TestRBAC" name="test_editor_cannot_admin_approve" time="0.140" /><testcase classname="backend.tests.test_major_update.TestRBAC" name="test_client_cannot_mark_paid" time="0.348" /><testcase classname="backend.tests.test_new_features.TestShowcase" name="test_public_no_auth" time="0.129" /><testcase classname="backend.tests.test_new_features.TestShowcase" name="test_no_pii_leak" time="0.114" /><testcase classname="backend.tests.test_new_features.TestShowcase" name="test_sorted_by_score" time="0.116" /><testcase classname="backend.tests.test_new_features.TestStatsTrends" name="test_admin_ok" time="0.436" /><testcase classname="backend.tests.test_new_features.TestStatsTrends" name="test_editor_forbidden" time="0.432" /><testcase classname="backend.tests.test_new_features.TestStatsTrends" name="test_noauth" time="0.106" /><testcase classname="backend.tests.test_new_features.TestStatsRevisions" name="test_admin_shape" time="0.109" /><testcase classname="backend.tests.test_new_features.TestStatsRevisions" name="test_editor_forbidden" time="0.109" /><testcase classname="backend.tests.test_new_features.TestDeadlineRisk" name="test_admin_sees_risk" time="0.571" /><testcase classname="backend.tests.test_new_features.TestDeadlineRisk" name="test_client_scoped" time="0.110" /><testcase classname="backend.tests.test_new_features.TestDeadlineRisk" name="test_editor_scoped" time="36.148" /><testcase classname="backend.tests.test_new_features.TestSatisfaction" name="test_admin_shape" time="2.212" /><testcase classname="backend.tests.test_new_features.TestSatisfaction" name="test_editor_forbidden" time="3.189" /><testcase classname="backend.tests.test_new_features.TestWorkload" name="test_admin_shape" time="0.150" /><testcase classname="backend.tests.test_new_features.TestWorkload" name="test_editor_forbidden" time="0.105" /><testcase classname="backend.tests.test_new_features.TestWebSocket" name="test_ws_bad_token_closes" time="10.021" /><testcase classname="backend.tests.test_new_features.TestWebSocket" name="test_ws_client_cannot_group" time="0.198" /><testcase classname="backend.tests.test_new_features.TestWebSocket" name="test_ws_group_broadcast_and_persist" time="1.526" /><testcase classname="backend.tests.test_new_features.TestCORS" name="test_bearer_only_works" time="0.365" /></testsuite></testsuites>