<?xml version="1.0" encoding="utf-8"?><testsuites name="pytest tests"><testsuite name="pytest" errors="1" failures="7" skipped="0" tests="80" time="88.087" timestamp="2026-05-01T21:45:06.190306+00:00" hostname="agent-env-0236040d-7ba2-46b1-a1be-c856e618951e"><testcase classname="backend.tests.backend_test.TestAuth" name="test_login_bad" time="0.403" /><testcase classname="backend.tests.backend_test.TestAuth" name="test_me" time="0.485" /><testcase classname="backend.tests.backend_test.TestAuth" name="test_me_noauth" time="0.126" /><testcase classname="backend.tests.backend_test.TestAuth" name="test_logout" time="0.109" /><testcase classname="backend.tests.backend_test.TestUsers" name="test_list_users_admin" time="0.118"><failure message="AssertionError: assert (200 == 200 and 5 &gt;= 6)&#10; +  where 200 = &lt;Response [200]&gt;.status_code&#10; +  and   5 = len([{'anime_name': 'Agency Admin', 'avatar_url': None, 'badges': [], 'burnout': 'low', ...}, {'anime_name': 'Ovi', 'avatar_url': '', 'badges': [], 'burnout': 'low', ...}, {'anime_name': 'NovaReaper47', 'avatar_url': '', 'badges': ['first_delivery'], 'burnout': 'low', ...}, {'anime_name': 'Ayon', 'avatar_url': '', 'badges': [], 'burnout': 'low', ...}, {'anime_name': 'MysticWolf47', 'avatar_url': None, 'badges': [], 'burnout': 'low', ...}])&#10; +    where [{'anime_name': 'Agency Admin', 'avatar_url': None, 'badges': [], 'burnout': 'low', ...}, {'anime_name': 'Ovi', 'avatar_url': '', 'badges': [], 'burnout': 'low', ...}, {'anime_name': 'NovaReaper47', 'avatar_url': '', 'badges': ['first_delivery'], 'burnout': 'low', ...}, {'anime_name': 'Ayon', 'avatar_url': '', 'badges': [], 'burnout': 'low', ...}, {'anime_name': 'MysticWolf47', 'avatar_url': None, 'badges': [], 'burnout': 'low', ...}] = json()&#10; +      where json = &lt;Response [200]&gt;.json">E   AssertionError: assert (200 == 200 and 5 &gt;= 6)
     +  where 200 = &lt;Response [200]&gt;.status_code
     +  and   5 = len([{'anime_name': 'Agency Admin', 'avatar_url': None, 'badges': [], 'burnout': 'low', ...}, {'anime_name': 'Ovi', 'avatar_url': '', 'badges': [], 'burnout': 'low', ...}, {'anime_name': 'NovaReaper47', 'avatar_url': '', 'badges': ['first_delivery'], 'burnout': 'low', ...}, {'anime_name': 'Ayon', 'avatar_url': '', 'badges': [], 'burnout': 'low', ...}, {'anime_name': 'MysticWolf47', 'avatar_url': None, 'badges': [], 'burnout': 'low', ...}])
     +    where [{'anime_name': 'Agency Admin', 'avatar_url': None, 'badges': [], 'burnout': 'low', ...}, {'anime_name': 'Ovi', 'avatar_url': '', 'badges': [], 'burnout': 'low', ...}, {'anime_name': 'NovaReaper47', 'avatar_url': '', 'badges': ['first_delivery'], 'burnout': 'low', ...}, {'anime_name': 'Ayon', 'avatar_url': '', 'badges': [], 'burnout': 'low', ...}, {'anime_name': 'MysticWolf47', 'avatar_url': None, 'badges': [], 'burnout': 'low', ...}] = json()
     +      where json = &lt;Response [200]&gt;.json</failure></testcase><testcase classname="backend.tests.backend_test.TestUsers" name="test_editor_sees_no_emails" time="0.454" /><testcase classname="backend.tests.backend_test.TestUsers" name="test_editor_cannot_create" time="0.121" /><testcase classname="backend.tests.backend_test.TestUsers" name="test_admin_creates_editor_anime_name" time="0.452" /><testcase classname="backend.tests.backend_test.TestTasks" name="test_create_draft" time="0.245" /><testcase classname="backend.tests.backend_test.TestTasks" name="test_available_hides_client_info" time="0.597" /><testcase classname="backend.tests.backend_test.TestTasks" name="test_client_sees_own" time="0.104" /><testcase classname="backend.tests.backend_test.TestTasks" name="test_editor_my_tasks_empty" time="0.141" /><testcase classname="backend.tests.backend_test.TestRequestFlow" name="test_full_flow" time="0.110"><error message="failed on setup with &quot;AssertionError: login editor2@taskflow.com failed: 401 {&quot;detail&quot;:&quot;Invalid email or password&quot;}&#10;assert 401 == 200&#10; +  where 401 = &lt;Response [401]&gt;.status_code&quot;">E   AssertionError: login editor2@taskflow.com failed: 401 {"detail":"Invalid email or password"}
    assert 401 == 200
     +  where 401 = &lt;Response [401]&gt;.status_code</error></testcase><testcase classname="backend.tests.backend_test.TestLifecycle" name="test_lifecycle" time="0.110"><failure message="assert 403 == 200&#10; +  where 403 = &lt;Response [403]&gt;.status_code">E   assert 403 == 200
     +  where 403 = &lt;Response [403]&gt;.status_code</failure></testcase><testcase classname="backend.tests.backend_test.TestAnalytics" name="test_my_perf" time="0.109" /><testcase classname="backend.tests.backend_test.TestAnalytics" name="test_perf_admin" time="0.115" /><testcase classname="backend.tests.backend_test.TestAnalytics" name="test_leaderboard" time="0.115"><failure message="AssertionError: assert (200 == 200 and 2 &gt;= 3)&#10; +  where 200 = &lt;Response [200]&gt;.status_code&#10; +  and   2 = len([{'acceptance_rate': 66.7, 'avg_rating': 0, 'completed_tasks': 0, 'editor': {'anime_name': 'NovaReaper47', 'avatar_url': '', 'badges': ['first_delivery'], 'burnout': 'low', ...}, ...}, {'acceptance_rate': 0, 'avg_rating': 0, 'completed_tasks': 0, 'editor': {'anime_name': 'MysticWolf47', 'avatar_url': None, 'badges': [], 'burnout': 'low', ...}, ...}])&#10; +    where [{'acceptance_rate': 66.7, 'avg_rating': 0, 'completed_tasks': 0, 'editor': {'anime_name': 'NovaReaper47', 'avatar_url': '', 'badges': ['first_delivery'], 'burnout': 'low', ...}, ...}, {'acceptance_rate': 0, 'avg_rating': 0, 'completed_tasks': 0, 'editor': {'anime_name': 'MysticWolf47', 'avatar_url': None, 'badges': [], 'burnout': 'low', ...}, ...}] = json()&#10; +      where json = &lt;Response [200]&gt;.json">E   AssertionError: assert (200 == 200 and 2 &gt;= 3)
     +  where 200 = &lt;Response [200]&gt;.status_code
     +  and   2 = len([{'acceptance_rate': 66.7, 'avg_rating': 0, 'completed_tasks': 0, 'editor': {'anime_name': 'NovaReaper47', 'avatar_url': '', 'badges': ['first_delivery'], 'burnout': 'low', ...}, ...}, {'acceptance_rate': 0, 'avg_rating': 0, 'completed_tasks': 0, 'editor': {'anime_name': 'MysticWolf47', 'avatar_url': None, 'badges': [], 'burnout': 'low', ...}, ...}])
     +    where [{'acceptance_rate': 66.7, 'avg_rating': 0, 'completed_tasks': 0, 'editor': {'anime_name': 'NovaReaper47', 'avatar_url': '', 'badges': ['first_delivery'], 'burnout': 'low', ...}, ...}, {'acceptance_rate': 0, 'avg_rating': 0, 'completed_tasks': 0, 'editor': {'anime_name': 'MysticWolf47', 'avatar_url': None, 'badges': [], 'burnout': 'low', ...}, ...}] = json()
     +      where json = &lt;Response [200]&gt;.json</failure></testcase><testcase classname="backend.tests.backend_test.TestAnalytics" name="test_brief_score" time="0.233" /><testcase classname="backend.tests.backend_test.TestAnalytics" name="test_brief_score_missing" time="0.152" /><testcase classname="backend.tests.backend_test.TestAnalytics" name="test_recommendations" time="0.125"><failure message="AssertionError: assert (200 == 200 and 2 &gt;= 3)&#10; +  where 200 = &lt;Response [200]&gt;.status_code&#10; +  and   2 = len([{'availability': 100, 'editor': {'anime_name': 'MysticWolf47', 'avatar_url': None, 'badges': [], 'burnout': 'low', ...}, 'overall': 46.7, 'performance_score': 32.8, ...}, {'availability': 60, 'editor': {'anime_name': 'NovaReaper47', 'avatar_url': '', 'badges': ['first_delivery'], 'burnout': 'low', ...}, 'overall': 42.0, 'performance_score': 46.1, ...}])&#10; +    where [{'availability': 100, 'editor': {'anime_name': 'MysticWolf47', 'avatar_url': None, 'badges': [], 'burnout': 'low', ...}, 'overall': 46.7, 'performance_score': 32.8, ...}, {'availability': 60, 'editor': {'anime_name': 'NovaReaper47', 'avatar_url': '', 'badges': ['first_delivery'], 'burnout': 'low', ...}, 'overall': 42.0, 'performance_score': 46.1, ...}] = json()&#10; +      where json = &lt;Response [200]&gt;.json">E   AssertionError: assert (200 == 200 and 2 &gt;= 3)
     +  where 200 = &lt;Response [200]&gt;.status_code
     +  and   2 = len([{'availability': 100, 'editor': {'anime_name': 'MysticWolf47', 'avatar_url': None, 'badges': [], 'burnout': 'low', ...}, 'overall': 46.7, 'performance_score': 32.8, ...}, {'availability': 60, 'editor': {'anime_name': 'NovaReaper47', 'avatar_url': '', 'badges': ['first_delivery'], 'burnout': 'low', ...}, 'overall': 42.0, 'performance_score': 46.1, ...}])
     +    where [{'availability': 100, 'editor': {'anime_name': 'MysticWolf47', 'avatar_url': None, 'badges': [], 'burnout': 'low', ...}, 'overall': 46.7, 'performance_score': 32.8, ...}, {'availability': 60, 'editor': {'anime_name': 'NovaReaper47', 'avatar_url': '', 'badges': ['first_delivery'], 'burnout': 'low', ...}, 'overall': 42.0, 'performance_score': 46.1, ...}] = json()
     +      where json = &lt;Response [200]&gt;.json</failure></testcase><testcase classname="backend.tests.backend_test.TestAnalytics" name="test_admin_stats" time="0.119" /><testcase classname="backend.tests.backend_test.TestAnalytics" name="test_calendar" time="0.109" /><testcase classname="backend.tests.backend_test.TestChat" name="test_group_client_denied" time="0.233" /><testcase classname="backend.tests.backend_test.TestChat" name="test_group_editor_ok" time="0.251" /><testcase classname="backend.tests.backend_test.TestChat" name="test_dm_admin_editor" time="0.267" /><testcase classname="backend.tests.backend_test.TestChat" name="test_editor_cannot_dm_client" time="0.124" /><testcase classname="backend.tests.backend_test.TestChat" name="test_conversations" time="0.107"><failure message="AssertionError: assert 4 &gt;= 5&#10; +  where 4 = len([{'anime_name': 'Ovi', 'avatar_url': '', 'badges': [], 'burnout': 'low', ...}, {'anime_name': 'NovaReaper47', 'avatar_url': '', 'badges': ['first_delivery'], 'burnout': 'low', ...}, {'anime_name': 'Ayon', 'avatar_url': '', 'badges': [], 'burnout': 'low', ...}, {'anime_name': 'MysticWolf47', 'avatar_url': None, 'badges': [], 'burnout': 'low', ...}])&#10; +    where [{'anime_name': 'Ovi', 'avatar_url': '', 'badges': [], 'burnout': 'low', ...}, {'anime_name': 'NovaReaper47', 'avatar_url': '', 'badges': ['first_delivery'], 'burnout': 'low', ...}, {'anime_name': 'Ayon', 'avatar_url': '', 'badges': [], 'burnout': 'low', ...}, {'anime_name': 'MysticWolf47', 'avatar_url': None, 'badges': [], 'burnout': 'low', ...}] = json()&#10; +      where json = &lt;Response [200]&gt;.json&#10; +        where &lt;Response [200]&gt; = &lt;function get at 0xf8a293c02ca0&gt;('https://video-ops-hub.preview.emergentagent.com/api/conversations', headers={'Authorization': 'Bearer eyJhbGciOiJIUzI1NiIsInR5cCI6IkpXVCJ9.eyJzdWIiOiIzMmIyZmVlNy1lZGJhLTQ3OTItOWUzZC04NTRiNmRiNGQ3NTEiLCJyb2xlIjoiYWRtaW4iLCJleHAiOjE3NzgyNzY3MDcsInR5cGUiOiJhY2Nlc3MifQ.mQK7F7Ctn6ShlenaO1U0YEHjbPLgBbbruV2RPtcS8NI'})&#10; +          where &lt;function get at 0xf8a293c02ca0&gt; = requests.get">E   AssertionError: assert 4 &gt;= 5
     +  where 4 = len([{'anime_name': 'Ovi', 'avatar_url': '', 'badges': [], 'burnout': 'low', ...}, {'anime_name': 'NovaReaper47', 'avatar_url': '', 'badges': ['first_delivery'], 'burnout': 'low', ...}, {'anime_name': 'Ayon', 'avatar_url': '', 'badges': [], 'burnout': 'low', ...}, {'anime_name': 'MysticWolf47', 'avatar_url': None, 'badges': [], 'burnout': 'low', ...}])
     +    where [{'anime_name': 'Ovi', 'avatar_url': '', 'badges': [], 'burnout': 'low', ...}, {'anime_name': 'NovaReaper47', 'avatar_url': '', 'badges': ['first_delivery'], 'burnout': 'low', ...}, {'anime_name': 'Ayon', 'avatar_url': '', 'badges': [], 'burnout': 'low', ...}, {'anime_name': 'MysticWolf47', 'avatar_url': None, 'badges': [], 'burnout': 'low', ...}] = json()
     +      where json = &lt;Response [200]&gt;.json
     +        where &lt;Response [200]&gt; = &lt;function get at 0xf8a293c02ca0&gt;('https://video-ops-hub.preview.emergentagent.com/api/conversations', headers={'Authorization': 'Bearer eyJhbGciOiJIUzI1NiIsInR5cCI6IkpXVCJ9.eyJzdWIiOiIzMmIyZmVlNy1lZGJhLTQ3OTItOWUzZC04NTRiNmRiNGQ3NTEiLCJyb2xlIjoiYWRtaW4iLCJleHAiOjE3NzgyNzY3MDcsInR5cGUiOiJhY2Nlc3MifQ.mQK7F7Ctn6ShlenaO1U0YEHjbPLgBbbruV2RPtcS8NI'})
     +          where &lt;function get at 0xf8a293c02ca0&gt; = requests.get</failure></testcase><testcase classname="backend.tests.test_major_update.TestRegister" name="test_register_wrong_code" time="0.115" /><testcase classname="backend.tests.test_major_update.TestRegister" name="test_register_password_mismatch" time="0.114" /><testcase classname="backend.tests.test_major_update.TestRegister" name="test_register_success" time="0.960" /><testcase classname="backend.tests.test_major_update.TestClientProjectFlow" name="test_client_creates_pending" time="0.448" /><testcase classname="backend.tests.test_major_update.TestClientProjectFlow" name="test_admin_approve_project" time="0.247" /><testcase classname="backend.tests.test_major_update.TestClientProjectFlow" name="test_admin_approve_on_non_pending_400" time="0.116" /><testcase classname="backend.tests.test_major_update.TestAdminRejectProject" name="test_reject" time="0.480" /><testcase classname="backend.tests.test_major_update.TestSubmitAndVideoApproval" name="test_editor_submit" time="0.728" /><testcase classname="backend.tests.test_major_update.TestSubmitAndVideoApproval" name="test_client_cannot_submit" time="0.115" /><testcase classname="backend.tests.test_major_update.TestSubmitAndVideoApproval" name="test_unassigned_editor_cannot_submit" time="0.658" /><testcase classname="backend.tests.test_major_update.TestSubmitAndVideoApproval" name="test_admin_approve_video" time="68.540" /><testcase classname="backend.tests.test_major_update.TestSubmitAndVideoApproval" name="test_client_cannot_approve_video" time="0.177" /><testcase classname="backend.tests.test_major_update.TestXpFlow" name="test_approve_awards_xp_and_notifies" time="0.927" /><testcase classname="backend.tests.test_major_update.TestNotifications" name="test_list_mine" time="0.146" /><testcase classname="backend.tests.test_major_update.TestNotifications" name="test_mark_all_read" time="0.127" /><testcase classname="backend.tests.test_major_update.TestNotifications" name="test_mark_one_read" time="0.226" /><testcase classname="backend.tests.test_major_update.TestNotifications" name="test_noauth" time="0.118" /><testcase classname="backend.tests.test_major_update.TestMyProfile" name="test_editor_profile_shape" time="0.123" /><testcase classname="backend.tests.test_major_update.TestMyProfile" name="test_admin_profile" time="0.116" /><testcase classname="backend.tests.test_major_update.TestTopVideos" name="test_set_and_trim" time="0.261" /><testcase classname="backend.tests.test_major_update.TestTopVideos" name="test_non_editor_forbidden" time="0.120" /><testcase classname="backend.tests.test_major_update.TestReactions" name="test_react_toggle" time="0.315" /><testcase classname="backend.tests.test_major_update.TestVoice" name="test_voice_send" time="0.109" /><testcase classname="backend.tests.test_major_update.TestVoice" name="test_voice_size_limit" time="0.209" /><testcase classname="backend.tests.test_major_update.TestVoice" name="test_client_cannot_send_group_voice" time="0.113" /><testcase classname="backend.tests.test_major_update.TestPayments" name="test_list" time="0.106" /><testcase classname="backend.tests.test_major_update.TestPayments" name="test_mark_paid" time="0.256" /><testcase classname="backend.tests.test_major_update.TestPayments" name="test_history" time="0.128" /><testcase classname="backend.tests.test_major_update.TestPayments" name="test_editor_forbidden" time="0.115" /><testcase classname="backend.tests.test_major_update.TestMVP" name="test_mvp_current" time="0.112" /><testcase classname="backend.tests.test_major_update.TestMVP" name="test_mvp_editor_can_view" time="0.107" /><testcase classname="backend.tests.test_major_update.TestRBAC" name="test_client_cannot_admin_approve" time="0.120" /><testcase classname="backend.tests.test_major_update.TestRBAC" name="test_editor_cannot_admin_approve" time="0.108" /><testcase classname="backend.tests.test_major_update.TestRBAC" name="test_client_cannot_mark_paid" time="0.344" /><testcase classname="backend.tests.test_new_features.TestShowcase" name="test_public_no_auth" time="0.118"><failure message="AssertionError: assert 2 &gt;= 3&#10; +  where 2 = len([{'anime_name': 'NovaReaper47', 'avatar_url': '', 'avg_rating': 0, 'completed_tasks': 0, ...}, {'anime_name': 'MysticWolf47', 'avatar_url': None, 'avg_rating': 0, 'completed_tasks': 0, ...}])">E   AssertionError: assert 2 &gt;= 3
     +  where 2 = len([{'anime_name': 'NovaReaper47', 'avatar_url': '', 'avg_rating': 0, 'completed_tasks': 0, ...}, {'anime_name': 'MysticWolf47', 'avatar_url': None, 'avg_rating': 0, 'completed_tasks': 0, ...}])</failure></testcase><testcase classname="backend.tests.test_new_features.TestShowcase" name="test_no_pii_leak" time="0.104" /><testcase classname="backend.tests.test_new_features.TestShowcase" name="test_sorted_by_score" time="0.105" /><testcase classname="backend.tests.test_new_features.TestStatsTrends" name="test_admin_ok" time="0.476" /><testcase classname="backend.tests.test_new_features.TestStatsTrends" name="test_editor_forbidden" time="0.472" /><testcase classname="backend.tests.test_new_features.TestStatsTrends" name="test_noauth" time="0.118" /><testcase classname="backend.tests.test_new_features.TestStatsRevisions" name="test_admin_shape" time="0.112" /><testcase classname="backend.tests.test_new_features.TestStatsRevisions" name="test_editor_forbidden" time="0.121" /><testcase classname="backend.tests.test_new_features.TestDeadlineRisk" name="test_admin_sees_risk" time="0.564" /><testcase classname="backend.tests.test_new_features.TestDeadlineRisk" name="test_client_scoped" time="0.112" /><testcase classname="backend.tests.test_new_features.TestDeadlineRisk" name="test_editor_scoped" time="0.118" /><testcase classname="backend.tests.test_new_features.TestSatisfaction" name="test_admin_shape" time="0.123" /><testcase classname="backend.tests.test_new_features.TestSatisfaction" name="test_editor_forbidden" time="0.110" /><testcase classname="backend.tests.test_new_features.TestWorkload" name="test_admin_shape" time="0.121"><failure message="AssertionError: assert 2 &gt;= 3&#10; +  where 2 = len([{'active': 1, 'editor': {'anime_name': 'NovaReaper47', 'avatar_url': '', 'badges': ['first_delivery'], 'burnout': 'low', ...}, 'load_pct': 40, 'pending': 0, ...}, {'active': 0, 'editor': {'anime_name': 'MysticWolf47', 'avatar_url': None, 'badges': [], 'burnout': 'low', ...}, 'load_pct': 0, 'pending': 0, ...}])">E   AssertionError: assert 2 &gt;= 3
     +  where 2 = len([{'active': 1, 'editor': {'anime_name': 'NovaReaper47', 'avatar_url': '', 'badges': ['first_delivery'], 'burnout': 'low', ...}, 'load_pct': 40, 'pending': 0, ...}, {'active': 0, 'editor': {'anime_name': 'MysticWolf47', 'avatar_url': None, 'badges': [], 'burnout': 'low', ...}, 'load_pct': 0, 'pending': 0, ...}])</failure></testcase><testcase classname="backend.tests.test_new_features.TestWorkload" name="test_editor_forbidden" time="0.114" /><testcase classname="backend.tests.test_new_features.TestWebSocket" name="test_ws_bad_token_closes" time="0.218" /><testcase classname="backend.tests.test_new_features.TestWebSocket" name="test_ws_client_cannot_group" time="0.183" /><testcase classname="backend.tests.test_new_features.TestWebSocket" name="test_ws_group_broadcast_and_persist" time="1.574" /><testcase classname="backend.tests.test_new_features.TestCORS" name="test_bearer_only_works" time="0.403" /></testsuite></testsuites>