<?xml version="1.0" encoding="utf-8"?><testsuites name="pytest tests"><testsuite name="pytest" errors="0" failures="0" skipped="0" tests="46" time="12.560" timestamp="2026-04-22T21:11:05.393359+00:00" hostname="agent-env-0236040d-7ba2-46b1-a1be-c856e618951e"><testcase classname="backend.tests.backend_test.TestAuth" name="test_login_bad" time="0.334" /><testcase classname="backend.tests.backend_test.TestAuth" name="test_me" time="0.513" /><testcase classname="backend.tests.backend_test.TestAuth" name="test_me_noauth" time="0.118" /><testcase classname="backend.tests.backend_test.TestAuth" name="test_logout" time="0.101" /><testcase classname="backend.tests.backend_test.TestUsers" name="test_list_users_admin" time="0.106" /><testcase classname="backend.tests.backend_test.TestUsers" name="test_editor_sees_no_emails" time="0.476" /><testcase classname="backend.tests.backend_test.TestUsers" name="test_editor_cannot_create" time="0.131" /><testcase classname="backend.tests.backend_test.TestUsers" name="test_admin_creates_editor_anime_name" time="0.452" /><testcase classname="backend.tests.backend_test.TestTasks" name="test_create_draft" time="0.251" /><testcase classname="backend.tests.backend_test.TestTasks" name="test_available_hides_client_info" time="0.605" /><testcase classname="backend.tests.backend_test.TestTasks" name="test_client_sees_own" time="0.132" /><testcase classname="backend.tests.backend_test.TestTasks" name="test_editor_my_tasks_empty" time="0.122" /><testcase classname="backend.tests.backend_test.TestRequestFlow" name="test_full_flow" time="1.231" /><testcase classname="backend.tests.backend_test.TestLifecycle" name="test_lifecycle" time="0.694" /><testcase classname="backend.tests.backend_test.TestAnalytics" name="test_my_perf" time="0.123" /><testcase classname="backend.tests.backend_test.TestAnalytics" name="test_perf_admin" time="0.106" /><testcase classname="backend.tests.backend_test.TestAnalytics" name="test_leaderboard" time="0.120" /><testcase classname="backend.tests.backend_test.TestAnalytics" name="test_brief_score" time="0.114" /><testcase classname="backend.tests.backend_test.TestAnalytics" name="test_brief_score_missing" time="0.165" /><testcase classname="backend.tests.backend_test.TestAnalytics" name="test_recommendations" time="0.121" /><testcase classname="backend.tests.backend_test.TestAnalytics" name="test_admin_stats" time="0.130" /><testcase classname="backend.tests.backend_test.TestAnalytics" name="test_calendar" time="0.117" /><testcase classname="backend.tests.backend_test.TestChat" name="test_group_client_denied" time="0.225" /><testcase classname="backend.tests.backend_test.TestChat" name="test_group_editor_ok" time="0.226" /><testcase classname="backend.tests.backend_test.TestChat" name="test_dm_admin_editor" time="0.232" /><testcase classname="backend.tests.backend_test.TestChat" name="test_editor_cannot_dm_client" time="0.112" /><testcase classname="backend.tests.backend_test.TestChat" name="test_conversations" time="0.255" /><testcase classname="backend.tests.test_new_features.TestShowcase" name="test_public_no_auth" time="0.108" /><testcase classname="backend.tests.test_new_features.TestShowcase" name="test_no_pii_leak" time="0.108" /><testcase classname="backend.tests.test_new_features.TestShowcase" name="test_sorted_by_score" time="0.116" /><testcase classname="backend.tests.test_new_features.TestStatsTrends" name="test_admin_ok" time="0.461" /><testcase classname="backend.tests.test_new_features.TestStatsTrends" name="test_editor_forbidden" time="0.438" /><testcase classname="backend.tests.test_new_features.TestStatsTrends" name="test_noauth" time="0.122" /><testcase classname="backend.tests.test_new_features.TestStatsRevisions" name="test_admin_shape" time="0.115" /><testcase classname="backend.tests.test_new_features.TestStatsRevisions" name="test_editor_forbidden" time="0.127" /><testcase classname="backend.tests.test_new_features.TestDeadlineRisk" name="test_admin_sees_risk" time="0.575" /><testcase classname="backend.tests.test_new_features.TestDeadlineRisk" name="test_client_scoped" time="0.099" /><testcase classname="backend.tests.test_new_features.TestDeadlineRisk" name="test_editor_scoped" time="0.113" /><testcase classname="backend.tests.test_new_features.TestSatisfaction" name="test_admin_shape" time="0.111" /><testcase classname="backend.tests.test_new_features.TestSatisfaction" name="test_editor_forbidden" time="0.139" /><testcase classname="backend.tests.test_new_features.TestWorkload" name="test_admin_shape" time="0.127" /><testcase classname="backend.tests.test_new_features.TestWorkload" name="test_editor_forbidden" time="0.123" /><testcase classname="backend.tests.test_new_features.TestWebSocket" name="test_ws_bad_token_closes" time="0.168" /><testcase classname="backend.tests.test_new_features.TestWebSocket" name="test_ws_client_cannot_group" time="0.189" /><testcase classname="backend.tests.test_new_features.TestWebSocket" name="test_ws_group_broadcast_and_persist" time="1.531" /><testcase classname="backend.tests.test_new_features.TestCORS" name="test_bearer_only_works" time="0.354" /></testsuite></testsuites>