<?xml version="1.0" encoding="utf-8"?><testsuites name="pytest tests"><testsuite name="pytest" errors="0" failures="0" skipped="0" tests="27" time="8.008" timestamp="2026-04-22T20:08:23.207743+00:00" hostname="agent-env-0236040d-7ba2-46b1-a1be-c856e618951e"><testcase classname="backend.tests.backend_test.TestAuth" name="test_login_bad" time="0.509" /><testcase classname="backend.tests.backend_test.TestAuth" name="test_me" time="0.547" /><testcase classname="backend.tests.backend_test.TestAuth" name="test_me_noauth" time="0.111" /><testcase classname="backend.tests.backend_test.TestAuth" name="test_logout" time="0.153" /><testcase classname="backend.tests.backend_test.TestUsers" name="test_list_users_admin" time="0.155" /><testcase classname="backend.tests.backend_test.TestUsers" name="test_editor_sees_no_emails" time="0.453" /><testcase classname="backend.tests.backend_test.TestUsers" name="test_editor_cannot_create" time="0.117" /><testcase classname="backend.tests.backend_test.TestUsers" name="test_admin_creates_editor_anime_name" time="0.473" /><testcase classname="backend.tests.backend_test.TestTasks" name="test_create_draft" time="0.333" /><testcase classname="backend.tests.backend_test.TestTasks" name="test_available_hides_client_info" time="0.607" /><testcase classname="backend.tests.backend_test.TestTasks" name="test_client_sees_own" time="0.114" /><testcase classname="backend.tests.backend_test.TestTasks" name="test_editor_my_tasks_empty" time="0.116" /><testcase classname="backend.tests.backend_test.TestRequestFlow" name="test_full_flow" time="1.161" /><testcase classname="backend.tests.backend_test.TestLifecycle" name="test_lifecycle" time="0.712" /><testcase classname="backend.tests.backend_test.TestAnalytics" name="test_my_perf" time="0.141" /><testcase classname="backend.tests.backend_test.TestAnalytics" name="test_perf_admin" time="0.124" /><testcase classname="backend.tests.backend_test.TestAnalytics" name="test_leaderboard" time="0.132" /><testcase classname="backend.tests.backend_test.TestAnalytics" name="test_brief_score" time="0.156" /><testcase classname="backend.tests.backend_test.TestAnalytics" name="test_brief_score_missing" time="0.147" /><testcase classname="backend.tests.backend_test.TestAnalytics" name="test_recommendations" time="0.119" /><testcase classname="backend.tests.backend_test.TestAnalytics" name="test_admin_stats" time="0.130" /><testcase classname="backend.tests.backend_test.TestAnalytics" name="test_calendar" time="0.114" /><testcase classname="backend.tests.backend_test.TestChat" name="test_group_client_denied" time="0.243" /><testcase classname="backend.tests.backend_test.TestChat" name="test_group_editor_ok" time="0.235" /><testcase classname="backend.tests.backend_test.TestChat" name="test_dm_admin_editor" time="0.236" /><testcase classname="backend.tests.backend_test.TestChat" name="test_editor_cannot_dm_client" time="0.106" /><testcase classname="backend.tests.backend_test.TestChat" name="test_conversations" time="0.360" /></testsuite></testsuites>